c:\users\30805\source\repos\mfcfinalproject\mfcfinalproject\debug\mfcfinalproject.pch
c:\users\30805\source\repos\mfcfinalproject\mfcfinalproject\debug\vc142.pdb
c:\users\30805\source\repos\mfcfinalproject\mfcfinalproject\debug\vc142.idb
c:\users\30805\source\repos\mfcfinalproject\mfcfinalproject\debug\pch.obj
c:\users\30805\source\repos\mfcfinalproject\mfcfinalproject\debug\mfcfinalprojectview.obj
c:\users\30805\source\repos\mfcfinalproject\mfcfinalproject\debug\mfcfinalprojectdoc.obj
c:\users\30805\source\repos\mfcfinalproject\mfcfinalproject\debug\mfcfinalproject.obj
c:\users\30805\source\repos\mfcfinalproject\mfcfinalproject\debug\mainfrm.obj
c:\users\30805\source\repos\mfcfinalproject\mfcfinalproject\debug\childfrm.obj
c:\users\30805\source\repos\mfcfinalproject\mfcfinalproject\debug\cdlgsetarg.obj
c:\users\30805\source\repos\mfcfinalproject\debug\mfcfinalproject.exe
c:\users\30805\source\repos\mfcfinalproject\mfcfinalproject\debug\mfcfinalproject.ilk
c:\users\30805\source\repos\mfcfinalproject\debug\mfcfinalproject.pdb
c:\users\30805\source\repos\mfcfinalproject\mfcfinalproject\debug\mfcfinalproject.res
c:\users\30805\source\repos\mfcfinalproject\mfcfinalproject\debug\mfcfinalproject.tlog\cl.command.1.tlog
c:\users\30805\source\repos\mfcfinalproject\mfcfinalproject\debug\mfcfinalproject.tlog\cl.read.1.tlog
c:\users\30805\source\repos\mfcfinalproject\mfcfinalproject\debug\mfcfinalproject.tlog\cl.write.1.tlog
c:\users\30805\source\repos\mfcfinalproject\mfcfinalproject\debug\mfcfinalproject.tlog\link.command.1.tlog
c:\users\30805\source\repos\mfcfinalproject\mfcfinalproject\debug\mfcfinalproject.tlog\link.read.1.tlog
c:\users\30805\source\repos\mfcfinalproject\mfcfinalproject\debug\mfcfinalproject.tlog\link.write.1.tlog
c:\users\30805\source\repos\mfcfinalproject\mfcfinalproject\debug\mfcfinalproject.tlog\rc.command.1.tlog
c:\users\30805\source\repos\mfcfinalproject\mfcfinalproject\debug\mfcfinalproject.tlog\rc.read.1.tlog
c:\users\30805\source\repos\mfcfinalproject\mfcfinalproject\debug\mfcfinalproject.tlog\rc.write.1.tlog
