  MFCFinalProjectView.cpp
  The contents of <optional> are available only with C++17 or later.
  The contents of <variant> are available only with C++17 or later.
  The contents of <any> are available only with C++17 or later.
C:\Users\30805\source\repos\MFCFinalProject\MFCFinalProject\MFCFinalProjectView.h(64,10): warning C4244: “=”: 从“double”转换到“int”，可能丢失数据
C:\Users\30805\source\repos\MFCFinalProject\MFCFinalProject\MFCFinalProjectView.h(74,13): warning C4244: “=”: 从“double”转换到“int”，可能丢失数据
C:\Users\30805\source\repos\MFCFinalProject\MFCFinalProject\MFCFinalProjectView.cpp(94,12): warning C4244: “=”: 从“double”转换到“int”，可能丢失数据
C:\Users\30805\source\repos\MFCFinalProject\MFCFinalProject\MFCFinalProjectView.cpp(209,84): warning C4244: “参数”: 从“double”转换到“int”，可能丢失数据
C:\Users\30805\source\repos\MFCFinalProject\MFCFinalProject\MFCFinalProjectView.cpp(209,67): warning C4244: “参数”: 从“double”转换到“int”，可能丢失数据
C:\Users\30805\source\repos\MFCFinalProject\MFCFinalProject\MFCFinalProjectView.cpp(209,47): warning C4244: “参数”: 从“double”转换到“int”，可能丢失数据
C:\Users\30805\source\repos\MFCFinalProject\MFCFinalProject\MFCFinalProjectView.cpp(209,33): warning C4244: “参数”: 从“double”转换到“int”，可能丢失数据
C:\Users\30805\source\repos\MFCFinalProject\MFCFinalProject\MFCFinalProjectView.cpp(211,89): warning C4244: “参数”: 从“double”转换到“int”，可能丢失数据
C:\Users\30805\source\repos\MFCFinalProject\MFCFinalProject\MFCFinalProjectView.cpp(211,70): warning C4244: “参数”: 从“double”转换到“int”，可能丢失数据
C:\Users\30805\source\repos\MFCFinalProject\MFCFinalProject\MFCFinalProjectView.cpp(211,49): warning C4244: “参数”: 从“double”转换到“int”，可能丢失数据
C:\Users\30805\source\repos\MFCFinalProject\MFCFinalProject\MFCFinalProjectView.cpp(211,33): warning C4244: “参数”: 从“double”转换到“int”，可能丢失数据
C:\Users\30805\source\repos\MFCFinalProject\MFCFinalProject\MFCFinalProjectView.cpp(217,61): warning C4244: “参数”: 从“double”转换到“int”，可能丢失数据
C:\Users\30805\source\repos\MFCFinalProject\MFCFinalProject\MFCFinalProjectView.cpp(217,49): warning C4244: “参数”: 从“double”转换到“int”，可能丢失数据
C:\Users\30805\source\repos\MFCFinalProject\MFCFinalProject\MFCFinalProjectView.cpp(217,31): warning C4244: “参数”: 从“double”转换到“int”，可能丢失数据
C:\Users\30805\source\repos\MFCFinalProject\MFCFinalProject\MFCFinalProjectView.cpp(217,20): warning C4244: “参数”: 从“double”转换到“int”，可能丢失数据
C:\Users\30805\source\repos\MFCFinalProject\MFCFinalProject\MFCFinalProjectView.cpp(228,21): warning C4244: “参数”: 从“double”转换到“int”，可能丢失数据
C:\Users\30805\source\repos\MFCFinalProject\MFCFinalProject\MFCFinalProjectView.cpp(229,21): warning C4244: “参数”: 从“double”转换到“int”，可能丢失数据
C:\Users\30805\source\repos\MFCFinalProject\MFCFinalProject\MFCFinalProjectView.cpp(232,24): warning C4244: “参数”: 从“double”转换到“int”，可能丢失数据
C:\Users\30805\source\repos\MFCFinalProject\MFCFinalProject\MFCFinalProjectView.cpp(233,24): warning C4244: “参数”: 从“double”转换到“int”，可能丢失数据
C:\Users\30805\source\repos\MFCFinalProject\MFCFinalProject\MFCFinalProjectView.cpp(237,18): warning C4244: “初始化”: 从“double”转换到“int”，可能丢失数据
C:\Users\30805\source\repos\MFCFinalProject\MFCFinalProject\MFCFinalProjectView.cpp(240,28): warning C4244: “参数”: 从“double”转换到“int”，可能丢失数据
C:\Users\30805\source\repos\MFCFinalProject\MFCFinalProject\MFCFinalProjectView.cpp(241,33): warning C4244: “参数”: 从“double”转换到“int”，可能丢失数据
C:\Users\30805\source\repos\MFCFinalProject\MFCFinalProject\MFCFinalProjectView.cpp(243,28): warning C4244: “参数”: 从“double”转换到“int”，可能丢失数据
C:\Users\30805\source\repos\MFCFinalProject\MFCFinalProject\MFCFinalProjectView.cpp(244,32): warning C4244: “参数”: 从“double”转换到“int”，可能丢失数据
C:\Users\30805\source\repos\MFCFinalProject\MFCFinalProject\MFCFinalProjectView.cpp(247,28): warning C4244: “参数”: 从“double”转换到“int”，可能丢失数据
C:\Users\30805\source\repos\MFCFinalProject\MFCFinalProject\MFCFinalProjectView.cpp(248,33): warning C4244: “参数”: 从“double”转换到“int”，可能丢失数据
C:\Users\30805\source\repos\MFCFinalProject\MFCFinalProject\MFCFinalProjectView.cpp(250,28): warning C4244: “参数”: 从“double”转换到“int”，可能丢失数据
C:\Users\30805\source\repos\MFCFinalProject\MFCFinalProject\MFCFinalProjectView.cpp(251,32): warning C4244: “参数”: 从“double”转换到“int”，可能丢失数据
C:\Users\30805\source\repos\MFCFinalProject\MFCFinalProject\MFCFinalProjectView.cpp(253,33): warning C4244: “参数”: 从“double”转换到“int”，可能丢失数据
C:\Users\30805\source\repos\MFCFinalProject\MFCFinalProject\MFCFinalProjectView.cpp(254,34): warning C4244: “参数”: 从“double”转换到“int”，可能丢失数据
C:\Users\30805\source\repos\MFCFinalProject\MFCFinalProject\MFCFinalProjectView.cpp(255,23): warning C4244: “参数”: 从“double”转换到“int”，可能丢失数据
C:\Users\30805\source\repos\MFCFinalProject\MFCFinalProject\MFCFinalProjectView.cpp(256,34): warning C4244: “参数”: 从“double”转换到“int”，可能丢失数据
C:\Users\30805\source\repos\MFCFinalProject\MFCFinalProject\MFCFinalProjectView.cpp(288,28): warning C4244: “参数”: 从“double”转换到“int”，可能丢失数据
C:\Users\30805\source\repos\MFCFinalProject\MFCFinalProject\MFCFinalProjectView.cpp(289,30): warning C4244: “参数”: 从“double”转换到“int”，可能丢失数据
C:\Users\30805\source\repos\MFCFinalProject\MFCFinalProject\MFCFinalProjectView.cpp(291,42): warning C4244: “参数”: 从“double”转换到“int”，可能丢失数据
C:\Users\30805\source\repos\MFCFinalProject\MFCFinalProject\MFCFinalProjectView.cpp(291,36): warning C4244: “参数”: 从“double”转换到“int”，可能丢失数据
C:\Users\30805\source\repos\MFCFinalProject\MFCFinalProject\MFCFinalProjectView.cpp(302,28): warning C4244: “参数”: 从“double”转换到“int”，可能丢失数据
C:\Users\30805\source\repos\MFCFinalProject\MFCFinalProject\MFCFinalProjectView.cpp(303,30): warning C4244: “参数”: 从“double”转换到“int”，可能丢失数据
C:\Users\30805\source\repos\MFCFinalProject\MFCFinalProject\MFCFinalProjectView.cpp(305,42): warning C4244: “参数”: 从“double”转换到“int”，可能丢失数据
C:\Users\30805\source\repos\MFCFinalProject\MFCFinalProject\MFCFinalProjectView.cpp(305,36): warning C4244: “参数”: 从“double”转换到“int”，可能丢失数据
C:\Users\30805\source\repos\MFCFinalProject\MFCFinalProject\MFCFinalProjectView.cpp(320,21): warning C4244: “参数”: 从“double”转换到“int”，可能丢失数据
C:\Users\30805\source\repos\MFCFinalProject\MFCFinalProject\MFCFinalProjectView.cpp(321,21): warning C4244: “参数”: 从“double”转换到“int”，可能丢失数据
C:\Users\30805\source\repos\MFCFinalProject\MFCFinalProject\MFCFinalProjectView.cpp(323,42): warning C4244: “参数”: 从“double”转换到“int”，可能丢失数据
C:\Users\30805\source\repos\MFCFinalProject\MFCFinalProject\MFCFinalProjectView.cpp(323,22): warning C4244: “参数”: 从“double”转换到“int”，可能丢失数据
C:\Users\30805\source\repos\MFCFinalProject\MFCFinalProject\MFCFinalProjectView.cpp(366,43): warning C4244: “参数”: 从“double”转换到“int”，可能丢失数据
C:\Users\30805\source\repos\MFCFinalProject\MFCFinalProject\MFCFinalProjectView.cpp(423,36): warning C4244: “=”: 从“double”转换到“LONG”，可能丢失数据
C:\Users\30805\source\repos\MFCFinalProject\MFCFinalProject\MFCFinalProjectView.cpp(466,24): warning C4244: “参数”: 从“double”转换到“int”，可能丢失数据
C:\Users\30805\source\repos\MFCFinalProject\MFCFinalProject\MFCFinalProjectView.cpp(467,28): warning C4244: “参数”: 从“double”转换到“int”，可能丢失数据
C:\Users\30805\source\repos\MFCFinalProject\MFCFinalProject\MFCFinalProjectView.cpp(467,21): warning C4244: “参数”: 从“double”转换到“int”，可能丢失数据
C:\Users\30805\source\repos\MFCFinalProject\MFCFinalProject\MFCFinalProjectView.cpp(468,28): warning C4244: “参数”: 从“double”转换到“int”，可能丢失数据
C:\Users\30805\source\repos\MFCFinalProject\MFCFinalProject\MFCFinalProjectView.cpp(468,21): warning C4244: “参数”: 从“double”转换到“int”，可能丢失数据
C:\Users\30805\source\repos\MFCFinalProject\MFCFinalProject\MFCFinalProjectView.cpp(470,24): warning C4244: “参数”: 从“double”转换到“int”，可能丢失数据
C:\Users\30805\source\repos\MFCFinalProject\MFCFinalProject\MFCFinalProjectView.cpp(473,42): warning C4244: “参数”: 从“double”转换到“int”，可能丢失数据
C:\Users\30805\source\repos\MFCFinalProject\MFCFinalProject\MFCFinalProjectView.cpp(473,25): warning C4244: “参数”: 从“double”转换到“int”，可能丢失数据
C:\Users\30805\source\repos\MFCFinalProject\MFCFinalProject\MFCFinalProjectView.cpp(480,22): warning C4244: “参数”: 从“double”转换到“int”，可能丢失数据
C:\Users\30805\source\repos\MFCFinalProject\MFCFinalProject\MFCFinalProjectView.cpp(481,21): warning C4244: “参数”: 从“double”转换到“int”，可能丢失数据
C:\Users\30805\source\repos\MFCFinalProject\MFCFinalProject\MFCFinalProjectView.cpp(643,48): warning C4244: “参数”: 从“double”转换到“int”，可能丢失数据
C:\Users\30805\source\repos\MFCFinalProject\MFCFinalProject\MFCFinalProjectView.cpp(670,75): warning C4244: “参数”: 从“double”转换到“int”，可能丢失数据
C:\Users\30805\source\repos\MFCFinalProject\MFCFinalProject\MFCFinalProjectView.cpp(670,32): warning C4244: “参数”: 从“double”转换到“int”，可能丢失数据
C:\Users\30805\source\repos\MFCFinalProject\MFCFinalProject\MFCFinalProjectView.cpp(671,83): warning C4244: “参数”: 从“double”转换到“int”，可能丢失数据
C:\Users\30805\source\repos\MFCFinalProject\MFCFinalProject\MFCFinalProjectView.cpp(671,36): warning C4244: “参数”: 从“double”转换到“int”，可能丢失数据
C:\Users\30805\source\repos\MFCFinalProject\MFCFinalProject\MFCFinalProjectView.cpp(682,46): warning C4244: “参数”: 从“double”转换到“int”，可能丢失数据
C:\Users\30805\source\repos\MFCFinalProject\MFCFinalProject\MFCFinalProjectView.cpp(682,32): warning C4244: “参数”: 从“double”转换到“int”，可能丢失数据
C:\Users\30805\source\repos\MFCFinalProject\MFCFinalProject\MFCFinalProjectView.cpp(683,50): warning C4244: “参数”: 从“double”转换到“int”，可能丢失数据
C:\Users\30805\source\repos\MFCFinalProject\MFCFinalProject\MFCFinalProjectView.cpp(683,36): warning C4244: “参数”: 从“double”转换到“int”，可能丢失数据
C:\Users\30805\source\repos\MFCFinalProject\MFCFinalProject\MFCFinalProjectView.cpp(703,46): warning C4244: “参数”: 从“double”转换到“int”，可能丢失数据
C:\Users\30805\source\repos\MFCFinalProject\MFCFinalProject\MFCFinalProjectView.cpp(703,32): warning C4244: “参数”: 从“double”转换到“int”，可能丢失数据
C:\Users\30805\source\repos\MFCFinalProject\MFCFinalProject\MFCFinalProjectView.cpp(704,50): warning C4244: “参数”: 从“double”转换到“int”，可能丢失数据
C:\Users\30805\source\repos\MFCFinalProject\MFCFinalProject\MFCFinalProjectView.cpp(704,36): warning C4244: “参数”: 从“double”转换到“int”，可能丢失数据
C:\Users\30805\source\repos\MFCFinalProject\MFCFinalProject\MFCFinalProjectView.cpp(714,46): warning C4244: “参数”: 从“double”转换到“int”，可能丢失数据
C:\Users\30805\source\repos\MFCFinalProject\MFCFinalProject\MFCFinalProjectView.cpp(714,32): warning C4244: “参数”: 从“double”转换到“int”，可能丢失数据
C:\Users\30805\source\repos\MFCFinalProject\MFCFinalProject\MFCFinalProjectView.cpp(715,51): warning C4244: “参数”: 从“double”转换到“int”，可能丢失数据
C:\Users\30805\source\repos\MFCFinalProject\MFCFinalProject\MFCFinalProjectView.cpp(715,36): warning C4244: “参数”: 从“double”转换到“int”，可能丢失数据
C:\Users\30805\source\repos\MFCFinalProject\MFCFinalProject\MFCFinalProjectView.cpp(734,46): warning C4244: “参数”: 从“double”转换到“int”，可能丢失数据
C:\Users\30805\source\repos\MFCFinalProject\MFCFinalProject\MFCFinalProjectView.cpp(734,28): warning C4244: “参数”: 从“double”转换到“int”，可能丢失数据
C:\Users\30805\source\repos\MFCFinalProject\MFCFinalProject\MFCFinalProjectView.cpp(735,52): warning C4244: “参数”: 从“double”转换到“int”，可能丢失数据
C:\Users\30805\source\repos\MFCFinalProject\MFCFinalProject\MFCFinalProjectView.cpp(735,32): warning C4244: “参数”: 从“double”转换到“int”，可能丢失数据
C:\Users\30805\source\repos\MFCFinalProject\MFCFinalProject\MFCFinalProjectView.cpp(745,41): warning C4244: “=”: 从“double”转换到“LONG”，可能丢失数据
C:\Users\30805\source\repos\MFCFinalProject\MFCFinalProject\MFCFinalProjectView.cpp(752,43): warning C4244: “参数”: 从“double”转换到“int”，可能丢失数据
C:\Users\30805\source\repos\MFCFinalProject\MFCFinalProject\MFCFinalProjectView.cpp(752,27): warning C4244: “参数”: 从“double”转换到“int”，可能丢失数据
C:\Users\30805\source\repos\MFCFinalProject\MFCFinalProject\MFCFinalProjectView.cpp(760,50): warning C4244: “参数”: 从“double”转换到“int”，可能丢失数据
C:\Users\30805\source\repos\MFCFinalProject\MFCFinalProject\MFCFinalProjectView.cpp(760,31): warning C4244: “参数”: 从“double”转换到“int”，可能丢失数据
C:\Users\30805\source\repos\MFCFinalProject\MFCFinalProject\MFCFinalProjectView.cpp(797,25): warning C4244: “参数”: 从“double”转换到“int”，可能丢失数据
C:\Users\30805\source\repos\MFCFinalProject\MFCFinalProject\MFCFinalProjectView.cpp(798,29): warning C4244: “参数”: 从“double”转换到“int”，可能丢失数据
C:\Users\30805\source\repos\MFCFinalProject\MFCFinalProject\MFCFinalProjectView.cpp(798,22): warning C4244: “参数”: 从“double”转换到“int”，可能丢失数据
C:\Users\30805\source\repos\MFCFinalProject\MFCFinalProject\MFCFinalProjectView.cpp(799,29): warning C4244: “参数”: 从“double”转换到“int”，可能丢失数据
C:\Users\30805\source\repos\MFCFinalProject\MFCFinalProject\MFCFinalProjectView.cpp(799,22): warning C4244: “参数”: 从“double”转换到“int”，可能丢失数据
C:\Users\30805\source\repos\MFCFinalProject\MFCFinalProject\MFCFinalProjectView.cpp(801,25): warning C4244: “参数”: 从“double”转换到“int”，可能丢失数据
C:\Users\30805\source\repos\MFCFinalProject\MFCFinalProject\MFCFinalProjectView.cpp(804,43): warning C4244: “参数”: 从“double”转换到“int”，可能丢失数据
C:\Users\30805\source\repos\MFCFinalProject\MFCFinalProject\MFCFinalProjectView.cpp(804,26): warning C4244: “参数”: 从“double”转换到“int”，可能丢失数据
C:\Users\30805\source\repos\MFCFinalProject\MFCFinalProject\MFCFinalProjectView.cpp(808,23): warning C4244: “参数”: 从“double”转换到“int”，可能丢失数据
C:\Users\30805\source\repos\MFCFinalProject\MFCFinalProject\MFCFinalProjectView.cpp(809,22): warning C4244: “参数”: 从“double”转换到“int”，可能丢失数据
  MFCFinalProject.vcxproj -> C:\Users\30805\source\repos\MFCFinalProject\Debug\MFCFinalProject.exe
